!SESSION 2024-05-06 21:14:46.477 -----------------------------------------------
eclipse.buildId=4.31.0.20240307-1200
java.version=17.0.11
java.vendor=Eclipse Adoptium
BootLoader constants: OS=win32, ARCH=x86_64, WS=win32, NL=ko_KR
Framework arguments:  -product org.eclipse.epp.package.java.product
Command-line arguments:  -product org.eclipse.epp.package.java.product -data C:\Users\hk910\eclipse-workspace/../runtime-EclipseApplication -dev file:C:/Users/hk910/eclipse-workspace/.metadata/.plugins/org.eclipse.pde.core/Eclipse Application/dev.properties -os win32 -ws win32 -arch x86_64 -consoleLog

!ENTRY org.eclipse.pde.api.tools.ui 4 0 2024-05-06 21:14:50.563
!MESSAGE FrameworkEvent ERROR
!STACK 0
org.osgi.framework.BundleException: Could not resolve module: org.eclipse.pde.api.tools.ui [423]
  Unresolved requirement: Require-Bundle: org.eclipse.pde.ui; bundle-version="[3.14.200,4.0.0)"
    -> Bundle-SymbolicName: org.eclipse.pde.ui; bundle-version="3.15.100.v20240215-1631"; singleton:="true"
       org.eclipse.pde.ui [436]
         Unresolved requirement: Import-Package: biz.aQute.resolve; version="[9.0.0,10.0.0)"

	at org.eclipse.osgi.container.Module.start(Module.java:493)
	at org.eclipse.osgi.container.ModuleContainer$ContainerStartLevel$2.run(ModuleContainer.java:2073)
	at org.eclipse.osgi.internal.framework.EquinoxContainerAdaptor$1$1.execute(EquinoxContainerAdaptor.java:143)
	at org.eclipse.osgi.container.ModuleContainer$ContainerStartLevel.incStartLevel(ModuleContainer.java:2064)
	at org.eclipse.osgi.container.ModuleContainer$ContainerStartLevel.incStartLevel(ModuleContainer.java:2004)
	at org.eclipse.osgi.container.ModuleContainer$ContainerStartLevel.doContainerStartLevel(ModuleContainer.java:1967)
	at org.eclipse.osgi.container.ModuleContainer$ContainerStartLevel.dispatchEvent(ModuleContainer.java:1883)
	at org.eclipse.osgi.container.ModuleContainer$ContainerStartLevel.dispatchEvent(ModuleContainer.java:1)
	at org.eclipse.osgi.framework.eventmgr.EventManager.dispatchEvent(EventManager.java:230)
	at org.eclipse.osgi.framework.eventmgr.EventManager$EventThread.run(EventManager.java:341)
